<?xml version="1.0" encoding="UTF-8"?>
<!-- Generated by org.testng.reporters.JUnitReportReporter -->
<testsuite skipped="0" hostname="DESKTOP-EDG9KS6" name="testScripts.PlaceOrderTest" tests="1" failures="0" timestamp="2023-03-07T00:02:37 IST" time="3.388" errors="0">
  <testcase name="addItemTest" time="3.388" classname="testScripts.PlaceOrderTest"/>
  <system-out/>
</testsuite> <!-- testScripts.PlaceOrderTest -->
